/home/rampage/ServerManager/server-app.sh: 32: declare: not found
/home/rampage/ServerManager/server-app.sh: 33: source: not found







/home/rampage/ServerManager/server-app.sh: 47: Boot_Server_Proc: not found
/home/rampage/ServerManager/server-app.sh: 63: =Out of Bounds: not found
/home/rampage/ServerManager/server-app.sh: 64: =Program_Start: not found
/home/rampage/ServerManager/server-app.sh: 65: =Reached Out of Bounds in ...: not found
/home/rampage/ServerManager/server-app.sh: 66: Write_Menu: not found
From: 
Error Message: 
/home/rampage/ServerManager/server-app.sh: 77: Write_Divider: not found
Exiting Program...
/home/rampage/ServerManager/server-app.sh: 79: Write_Divider: not found
/home/rampage/ServerManager/utils/handlers/hourly-check.sh: line 10: syntax error near unexpected token `}'
/home/rampage/ServerManager/utils/handlers/hourly-check.sh: line 10: `}'
/home/rampage/ServerManager
/home/rampage/ServerManager/menus
/home/rampage/ServerManager/utils/definitions
/home/rampage/ServerManager/utils/functions
/home/rampage/ServerManager/utils/handlers
/home/rampage/ServerManager/logs
/home/rampage/ServerManager/temp
Starting rampage Screen Session...
==================================
MENU_NAMES[Server Start Initiated...,TITLE] Menu
==================================
Creating first window for priv in rampage...
Creating window for pub rampage...
Creating window for duel rampage...
Creating window for rduel rampage...
Creating window for hns rampage...
Starting Server priv | ID: 0 ...
Server String is ./zandronum-server -port 10666 -file /var/www/rampage/wads/rampagepriv-v5-1.pk3 /var/www/rampage/wads/ctfcap2d.pk3 /var/www/rampage/wads/hudtimer_v4fix.pk3 /var/www/rampage/wads/zandrospree2rc2.pk3 /var/www/rampage/wads/odaflagx.pk3 +exec /var/www/rampage/configs/global/dmflags.cfg /var/www/rampage/configs/global/svar.cfg /var/www/rampage/configs/modes/ctf.cfg /var/www/rampage/configs/priv.cfg +map map00 +compatflags 64 +sv_hostname ":: [NY] = [RAMPAGE] = [Priv CTF] ::"^M
...
...
Starting Server pub | ID: 1 ...
Server String is ./zandronum-server -port 10667 -file /var/www/rampage/wads/hudtimer_v4fix.pk3 /var/www/rampage/wads/odaflagx.pk3 /var/www/rampage/wads/zandrospree2rc2.pk3 /var/www/rampage/wads/rampagepriv-v5-1.pk3 /var/www/rampage/wads/rampagesuperpub-v3.pk3 +exec /var/www/rampage/configs/global/dmflags.cfg /var/www/rampage/configs/global/svar.cfg /var/www/rampage/configs/modes/ctf.cfg /var/www/rampage/configs/modes/pub.cfg /var/www/rampage/configs/superpub.cfg +compatflags 64 +sv_hostname ":: [NY] = [RAMPAGE] = [Public CTF] ::"^M
...
...
Starting Server duel | ID: 2 ...
Server String is ./zandronum-server -port 10668 -file /var/www/rampage/wads/duel40b.pk3 /var/www/rampage/wads/zandrospree2rc2.pk3 /var/www/rampage/wads/clearlights.wad +exec /var/www/rampage/configs/global/dmflags.cfg /var/www/rampage/configs/global/svar.cfg /var/www/rampage/configs/modes/duel.cfg /var/www/rampage/configs/duel40.cfg +map start +compatflags 536871714 +sv_hostname ":: [NY] = [RAMPAGE] =  [Duel40] ::"^M
...
...
Starting Server rduel | ID: 3 ...
Server String is ./zandronum-server -port 10669 -file /var/www/rampage/wads/rampageduel-v1a.wad /var/www/rampage/wads/zandrospree2rc2.pk3 /var/www/rampage/wads/clearlights.wad +exec /var/www/rampage/configs/global/dmflags.cfg /var/www/rampage/configs/global/svar.cfg /var/www/rampage/configs/modes/duel.cfg /var/www/rampage/configs/rduel.cfg +map map00 +compatflags 536871714  +sv_hostname ":: [NY] = [RAMPAGE] = [Rivals Duel] ::"^M
...
...
Starting Server hns | ID: 4 ...
Server String is ./zandronum-server -port 10670 -file /var/www/rampage/wads/skulltag_content-3.0-beta01.pk3 /var/www/rampage/wads/stlmshnsv4.wad /var/www/rampage/wads/hnsv1.0.2.pk3 +exec /var/www/rampage/configs/global/dmflags.cfg /var/www/rampage/configs/global/svar.cfg /var/www/rampage/configs/modes/hns.cfg /var/www/rampage/configs/extra/unblock.cfg /var/www/rampage/configs/extra/forcegl.cfg /var/www/rampage/configs/extra/stats.cfg +compatflags 64 +sv_hostname ":: [NY] = [RAMPAGE] = [Hide n Seek] ::"^M
...
...
/home/rampage/ServerManager/server-app.sh: line 63: =Out of Bounds: command not found
/home/rampage/ServerManager/server-app.sh: line 64: =Program_Start: command not found
/home/rampage/ServerManager/server-app.sh: line 65: =Reached Out of Bounds in ...: command not found
==================================
MENU_NAMES[,TITLE] Menu
==================================
From: 
Error Message: 
==================================
Exiting Program...
==================================
/home/rampage/ServerManager/utils/handlers/hourly-check.sh: line 10: syntax error near unexpected token `}'
/home/rampage/ServerManager/utils/handlers/hourly-check.sh: line 10: `}'
/home/rampage/ServerManager
/home/rampage/ServerManager/menus
/home/rampage/ServerManager/utils/definitions
/home/rampage/ServerManager/utils/functions
/home/rampage/ServerManager/utils/handlers
/home/rampage/ServerManager/logs
/home/rampage/ServerManager/temp
Starting rampage Screen Session...
==================================
MENU_NAMES[Server Start Initiated...,TITLE] Menu
==================================
Creating first window for priv in rampage...
Creating window for pub rampage...
Creating window for duel rampage...
Creating window for rduel rampage...
Creating window for hns rampage...
Starting Server priv | ID: 0 ...
Server String is ./zandronum-server -port 10666 -file /var/www/rampage/wads/rampagepriv-v5-1.pk3 /var/www/rampage/wads/ctfcap2d.pk3 /var/www/rampage/wads/hudtimer_v4fix.pk3 /var/www/rampage/wads/zandrospree2rc2.pk3 /var/www/rampage/wads/odaflagx.pk3 +exec /var/www/rampage/configs/global/dmflags.cfg /var/www/rampage/configs/global/svar.cfg /var/www/rampage/configs/modes/ctf.cfg /var/www/rampage/configs/priv.cfg +map map00 +compatflags 64 +sv_hostname ":: [NY] = [RAMPAGE] = [Priv CTF] ::"^M
...
...
Starting Server pub | ID: 1 ...
Server String is ./zandronum-server -port 10667 -file /var/www/rampage/wads/hudtimer_v4fix.pk3 /var/www/rampage/wads/odaflagx.pk3 /var/www/rampage/wads/zandrospree2rc2.pk3 /var/www/rampage/wads/rampagepriv-v5-1.pk3 /var/www/rampage/wads/rampagesuperpub-v3.pk3 +exec /var/www/rampage/configs/global/dmflags.cfg /var/www/rampage/configs/global/svar.cfg /var/www/rampage/configs/modes/ctf.cfg /var/www/rampage/configs/modes/pub.cfg /var/www/rampage/configs/superpub.cfg +compatflags 64 +sv_hostname ":: [NY] = [RAMPAGE] = [Public CTF] ::"^M
...
...
Starting Server duel | ID: 2 ...
Server String is ./zandronum-server -port 10668 -file /var/www/rampage/wads/duel40b.pk3 /var/www/rampage/wads/zandrospree2rc2.pk3 /var/www/rampage/wads/clearlights.wad +exec /var/www/rampage/configs/global/dmflags.cfg /var/www/rampage/configs/global/svar.cfg /var/www/rampage/configs/modes/duel.cfg /var/www/rampage/configs/duel40.cfg +map start +compatflags 536871714 +sv_hostname ":: [NY] = [RAMPAGE] =  [Duel40] ::"^M
...
...
Starting Server rduel | ID: 3 ...
Server String is ./zandronum-server -port 10669 -file /var/www/rampage/wads/rampageduel-v1a.wad /var/www/rampage/wads/zandrospree2rc2.pk3 /var/www/rampage/wads/clearlights.wad +exec /var/www/rampage/configs/global/dmflags.cfg /var/www/rampage/configs/global/svar.cfg /var/www/rampage/configs/modes/duel.cfg /var/www/rampage/configs/rduel.cfg +map map00 +compatflags 536871714  +sv_hostname ":: [NY] = [RAMPAGE] = [Rivals Duel] ::"^M
...
...
Starting Server hns | ID: 4 ...
Server String is ./zandronum-server -port 10670 -file /var/www/rampage/wads/skulltag_content-3.0-beta01.pk3 /var/www/rampage/wads/stlmshnsv4.wad /var/www/rampage/wads/hnsv1.0.2.pk3 +exec /var/www/rampage/configs/global/dmflags.cfg /var/www/rampage/configs/global/svar.cfg /var/www/rampage/configs/modes/hns.cfg /var/www/rampage/configs/extra/unblock.cfg /var/www/rampage/configs/extra/forcegl.cfg /var/www/rampage/configs/extra/stats.cfg +compatflags 64 +sv_hostname ":: [NY] = [RAMPAGE] = [Hide n Seek] ::"^M
...
...
/home/rampage/ServerManager/server-app.sh: line 63: =Out of Bounds: command not found
/home/rampage/ServerManager/server-app.sh: line 64: =Program_Start: command not found
/home/rampage/ServerManager/server-app.sh: line 65: =Reached Out of Bounds in ...: command not found
==================================
MENU_NAMES[,TITLE] Menu
==================================
From: 
Error Message: 
==================================
Exiting Program...
==================================
/home/rampage/ServerManager/utils/handlers/hourly-check.sh: line 10: syntax error near unexpected token `}'
/home/rampage/ServerManager/utils/handlers/hourly-check.sh: line 10: `}'
/home/rampage/ServerManager
/home/rampage/ServerManager/menus
/home/rampage/ServerManager/utils/definitions
/home/rampage/ServerManager/utils/functions
/home/rampage/ServerManager/utils/handlers
/home/rampage/ServerManager/logs
/home/rampage/ServerManager/temp
Starting rampage Screen Session...
==================================
MENU_NAMES[Server Start Initiated...,TITLE] Menu
==================================
Creating first window for priv in rampage...
Creating window for pub rampage...
Creating window for duel rampage...
Creating window for rduel rampage...
Creating window for hns rampage...
Starting Server priv | ID: 0 ...
Server String is ./zandronum-server -port 10666 -file /var/www/rampage/wads/rampagepriv-v5-1.pk3 /var/www/rampage/wads/ctfcap2d.pk3 /var/www/rampage/wads/hudtimer_v4fix.pk3 /var/www/rampage/wads/zandrospree2rc2.pk3 /var/www/rampage/wads/odaflagx.pk3 +exec /var/www/rampage/configs/global/dmflags.cfg /var/www/rampage/configs/global/svar.cfg /var/www/rampage/configs/modes/ctf.cfg /var/www/rampage/configs/priv.cfg +map map00 +compatflags 64 +sv_hostname ":: [NY] = [RAMPAGE] = [Priv CTF] ::"^M
...
...
Starting Server pub | ID: 1 ...
Server String is ./zandronum-server -port 10667 -file /var/www/rampage/wads/hudtimer_v4fix.pk3 /var/www/rampage/wads/odaflagx.pk3 /var/www/rampage/wads/zandrospree2rc2.pk3 /var/www/rampage/wads/rampagepriv-v5-1.pk3 /var/www/rampage/wads/rampagesuperpub-v3.pk3 +exec /var/www/rampage/configs/global/dmflags.cfg /var/www/rampage/configs/global/svar.cfg /var/www/rampage/configs/modes/ctf.cfg /var/www/rampage/configs/modes/pub.cfg /var/www/rampage/configs/superpub.cfg +compatflags 64 +sv_hostname ":: [NY] = [RAMPAGE] = [Public CTF] ::"^M
...
...
Starting Server duel | ID: 2 ...
Server String is ./zandronum-server -port 10668 -file /var/www/rampage/wads/duel40b.pk3 /var/www/rampage/wads/zandrospree2rc2.pk3 /var/www/rampage/wads/clearlights.wad +exec /var/www/rampage/configs/global/dmflags.cfg /var/www/rampage/configs/global/svar.cfg /var/www/rampage/configs/modes/duel.cfg /var/www/rampage/configs/duel40.cfg +map start +compatflags 536871714 +sv_hostname ":: [NY] = [RAMPAGE] =  [Duel40] ::"^M
...
...
Starting Server rduel | ID: 3 ...
Server String is ./zandronum-server -port 10669 -file /var/www/rampage/wads/rampageduel-v1a.wad /var/www/rampage/wads/zandrospree2rc2.pk3 /var/www/rampage/wads/clearlights.wad +exec /var/www/rampage/configs/global/dmflags.cfg /var/www/rampage/configs/global/svar.cfg /var/www/rampage/configs/modes/duel.cfg /var/www/rampage/configs/rduel.cfg +map map00 +compatflags 536871714  +sv_hostname ":: [NY] = [RAMPAGE] = [Rivals Duel] ::"^M
...
...
Starting Server hns | ID: 4 ...
Server String is ./zandronum-server -port 10670 -file /var/www/rampage/wads/skulltag_content-3.0-beta01.pk3 /var/www/rampage/wads/stlmshnsv4.wad /var/www/rampage/wads/hnsv1.0.2.pk3 +exec /var/www/rampage/configs/global/dmflags.cfg /var/www/rampage/configs/global/svar.cfg /var/www/rampage/configs/modes/hns.cfg /var/www/rampage/configs/extra/unblock.cfg /var/www/rampage/configs/extra/forcegl.cfg /var/www/rampage/configs/extra/stats.cfg +compatflags 64 +sv_hostname ":: [NY] = [RAMPAGE] = [Hide n Seek] ::"^M
...
...
/home/rampage/ServerManager/server-app.sh: line 63: =Out of Bounds: command not found
/home/rampage/ServerManager/server-app.sh: line 64: =Program_Start: command not found
/home/rampage/ServerManager/server-app.sh: line 65: =Reached Out of Bounds in ...: command not found
==================================
MENU_NAMES[,TITLE] Menu
==================================
From: 
Error Message: 
==================================
Exiting Program...
==================================
/home/rampage/ServerManager/utils/handlers/hourly-check.sh: line 10: syntax error near unexpected token `}'
/home/rampage/ServerManager/utils/handlers/hourly-check.sh: line 10: `}'
/home/rampage/ServerManager
/home/rampage/ServerManager/menus
/home/rampage/ServerManager/utils/definitions
/home/rampage/ServerManager/utils/functions
/home/rampage/ServerManager/utils/handlers
/home/rampage/ServerManager/logs
/home/rampage/ServerManager/temp
Starting rampage Screen Session...
==================================
MENU_NAMES[Server Start Initiated...,TITLE] Menu
==================================
Creating first window for priv in rampage...
Creating window for pub rampage...
Creating window for duel rampage...
Creating window for rduel rampage...
Creating window for hns rampage...
Starting Server priv | ID: 0 ...
Server String is ./zandronum-server -port 10666 -file /var/www/rampage/wads/rampagepriv-v5-1.pk3 /var/www/rampage/wads/ctfcap2d.pk3 /var/www/rampage/wads/hudtimer_v4fix.pk3 /var/www/rampage/wads/zandrospree2rc2.pk3 /var/www/rampage/wads/odaflagx.pk3 +exec /var/www/rampage/configs/global/dmflags.cfg /var/www/rampage/configs/global/svar.cfg /var/www/rampage/configs/modes/ctf.cfg /var/www/rampage/configs/priv.cfg +map map00 +compatflags 64 +sv_hostname ":: [NY] = [RAMPAGE] = [Priv CTF] ::"^M
...
...
Starting Server pub | ID: 1 ...
Server String is ./zandronum-server -port 10667 -file /var/www/rampage/wads/hudtimer_v4fix.pk3 /var/www/rampage/wads/odaflagx.pk3 /var/www/rampage/wads/zandrospree2rc2.pk3 /var/www/rampage/wads/rampagepriv-v5-1.pk3 /var/www/rampage/wads/rampagesuperpub-v3.pk3 +exec /var/www/rampage/configs/global/dmflags.cfg /var/www/rampage/configs/global/svar.cfg /var/www/rampage/configs/modes/ctf.cfg /var/www/rampage/configs/modes/pub.cfg /var/www/rampage/configs/superpub.cfg +compatflags 64 +sv_hostname ":: [NY] = [RAMPAGE] = [Public CTF] ::"^M
...
...
Starting Server duel | ID: 2 ...
Server String is ./zandronum-server -port 10668 -file /var/www/rampage/wads/duel40b.pk3 /var/www/rampage/wads/zandrospree2rc2.pk3 /var/www/rampage/wads/clearlights.wad +exec /var/www/rampage/configs/global/dmflags.cfg /var/www/rampage/configs/global/svar.cfg /var/www/rampage/configs/modes/duel.cfg /var/www/rampage/configs/duel40.cfg +map start +compatflags 536871714 +sv_hostname ":: [NY] = [RAMPAGE] =  [Duel40] ::"^M
...
...
Starting Server rduel | ID: 3 ...
Server String is ./zandronum-server -port 10669 -file /var/www/rampage/wads/rampageduel-v1a.wad /var/www/rampage/wads/zandrospree2rc2.pk3 /var/www/rampage/wads/clearlights.wad +exec /var/www/rampage/configs/global/dmflags.cfg /var/www/rampage/configs/global/svar.cfg /var/www/rampage/configs/modes/duel.cfg /var/www/rampage/configs/rduel.cfg +map map00 +compatflags 536871714  +sv_hostname ":: [NY] = [RAMPAGE] = [Rivals Duel] ::"^M
...
...
Starting Server hns | ID: 4 ...
Server String is ./zandronum-server -port 10670 -file /var/www/rampage/wads/skulltag_content-3.0-beta01.pk3 /var/www/rampage/wads/stlmshnsv4.wad /var/www/rampage/wads/hnsv1.0.2.pk3 +exec /var/www/rampage/configs/global/dmflags.cfg /var/www/rampage/configs/global/svar.cfg /var/www/rampage/configs/modes/hns.cfg /var/www/rampage/configs/extra/unblock.cfg /var/www/rampage/configs/extra/forcegl.cfg /var/www/rampage/configs/extra/stats.cfg +compatflags 64 +sv_hostname ":: [NY] = [RAMPAGE] = [Hide n Seek] ::"^M
...
...
/home/rampage/ServerManager/server-app.sh: line 63: =Out of Bounds: command not found
/home/rampage/ServerManager/server-app.sh: line 64: =Program_Start: command not found
/home/rampage/ServerManager/server-app.sh: line 65: =Reached Out of Bounds in ...: command not found
==================================
MENU_NAMES[,TITLE] Menu
==================================
From: 
Error Message: 
==================================
Exiting Program...
==================================
/home/rampage/ServerManager/utils/handlers/hourly-check.sh: line 10: syntax error near unexpected token `}'
/home/rampage/ServerManager/utils/handlers/hourly-check.sh: line 10: `}'
/home/rampage/ServerManager
/home/rampage/ServerManager/menus
/home/rampage/ServerManager/utils/definitions
/home/rampage/ServerManager/utils/functions
/home/rampage/ServerManager/utils/handlers
/home/rampage/ServerManager/logs
/home/rampage/ServerManager/temp
Starting rampage Screen Session...
==================================
MENU_NAMES[Server Start Initiated...,TITLE] Menu
==================================
Creating first window for priv in rampage...
Creating window for pub rampage...
Creating window for duel rampage...
Creating window for rduel rampage...
Creating window for hns rampage...
Starting Server priv | ID: 0 ...
Server String is ./zandronum-server -port 10666 -file /var/www/rampage/wads/rampagepriv-v5-1.pk3 /var/www/rampage/wads/ctfcap2d.pk3 /var/www/rampage/wads/hudtimer_v4fix.pk3 /var/www/rampage/wads/zandrospree2rc2.pk3 /var/www/rampage/wads/odaflagx.pk3 +exec /var/www/rampage/configs/global/dmflags.cfg /var/www/rampage/configs/global/svar.cfg /var/www/rampage/configs/modes/ctf.cfg /var/www/rampage/configs/priv.cfg +map map00 +compatflags 64 +sv_hostname ":: [NY] = [RAMPAGE] = [Priv CTF] ::"^M
...
...
Starting Server pub | ID: 1 ...
Server String is ./zandronum-server -port 10667 -file /var/www/rampage/wads/hudtimer_v4fix.pk3 /var/www/rampage/wads/odaflagx.pk3 /var/www/rampage/wads/zandrospree2rc2.pk3 /var/www/rampage/wads/rampagepriv-v5-1.pk3 /var/www/rampage/wads/rampagesuperpub-v3.pk3 +exec /var/www/rampage/configs/global/dmflags.cfg /var/www/rampage/configs/global/svar.cfg /var/www/rampage/configs/modes/ctf.cfg /var/www/rampage/configs/modes/pub.cfg /var/www/rampage/configs/superpub.cfg +compatflags 64 +sv_hostname ":: [NY] = [RAMPAGE] = [Public CTF] ::"^M
...
...
Starting Server duel | ID: 2 ...
Server String is ./zandronum-server -port 10668 -file /var/www/rampage/wads/duel40b.pk3 /var/www/rampage/wads/zandrospree2rc2.pk3 /var/www/rampage/wads/clearlights.wad +exec /var/www/rampage/configs/global/dmflags.cfg /var/www/rampage/configs/global/svar.cfg /var/www/rampage/configs/modes/duel.cfg /var/www/rampage/configs/duel40.cfg +map start +compatflags 536871714 +sv_hostname ":: [NY] = [RAMPAGE] =  [Duel40] ::"^M
...
...
Starting Server rduel | ID: 3 ...
Server String is ./zandronum-server -port 10669 -file /var/www/rampage/wads/rampageduel-v1a.wad /var/www/rampage/wads/zandrospree2rc2.pk3 /var/www/rampage/wads/clearlights.wad +exec /var/www/rampage/configs/global/dmflags.cfg /var/www/rampage/configs/global/svar.cfg /var/www/rampage/configs/modes/duel.cfg /var/www/rampage/configs/rduel.cfg +map map00 +compatflags 536871714  +sv_hostname ":: [NY] = [RAMPAGE] = [Rivals Duel] ::"^M
...
...
Starting Server hns | ID: 4 ...
Server String is ./zandronum-server -port 10670 -file /var/www/rampage/wads/skulltag_content-3.0-beta01.pk3 /var/www/rampage/wads/stlmshnsv4.wad /var/www/rampage/wads/hnsv1.0.2.pk3 +exec /var/www/rampage/configs/global/dmflags.cfg /var/www/rampage/configs/global/svar.cfg /var/www/rampage/configs/modes/hns.cfg /var/www/rampage/configs/extra/unblock.cfg /var/www/rampage/configs/extra/forcegl.cfg /var/www/rampage/configs/extra/stats.cfg +compatflags 64 +sv_hostname ":: [NY] = [RAMPAGE] = [Hide n Seek] ::"^M
...
...
/home/rampage/ServerManager/server-app.sh: line 63: =Out of Bounds: command not found
/home/rampage/ServerManager/server-app.sh: line 64: =Program_Start: command not found
/home/rampage/ServerManager/server-app.sh: line 65: =Reached Out of Bounds in ...: command not found
==================================
MENU_NAMES[,TITLE] Menu
==================================
From: 
Error Message: 
==================================
Exiting Program...
==================================
/home/rampage/ServerManager/utils/handlers/hourly-check.sh: line 10: syntax error near unexpected token `}'
/home/rampage/ServerManager/utils/handlers/hourly-check.sh: line 10: `}'
/home/rampage/ServerManager
/home/rampage/ServerManager/menus
/home/rampage/ServerManager/utils/definitions
/home/rampage/ServerManager/utils/functions
/home/rampage/ServerManager/utils/handlers
/home/rampage/ServerManager/logs
/home/rampage/ServerManager/temp
Starting rampage Screen Session...
==================================
MENU_NAMES[Server Start Initiated...,TITLE] Menu
==================================
Creating first window for priv in rampage...
Creating window for pub rampage...
Creating window for duel rampage...
Creating window for rduel rampage...
Creating window for hns rampage...
Starting Server priv | ID: 0 ...
Server String is ./zandronum-server -port 10666 -file /var/www/rampage/wads/rampagepriv-v5-1.pk3 /var/www/rampage/wads/ctfcap2d.pk3 /var/www/rampage/wads/hudtimer_v4fix.pk3 /var/www/rampage/wads/zandrospree2rc2.pk3 /var/www/rampage/wads/odaflagx.pk3 +exec /var/www/rampage/configs/global/dmflags.cfg /var/www/rampage/configs/global/svar.cfg /var/www/rampage/configs/modes/ctf.cfg /var/www/rampage/configs/priv.cfg +map map00 +compatflags 64 +sv_hostname ":: [NY] = [RAMPAGE] = [Priv CTF] ::"^M
...
...
Starting Server pub | ID: 1 ...
Server String is ./zandronum-server -port 10667 -file /var/www/rampage/wads/hudtimer_v4fix.pk3 /var/www/rampage/wads/odaflagx.pk3 /var/www/rampage/wads/zandrospree2rc2.pk3 /var/www/rampage/wads/rampagepriv-v5-1.pk3 /var/www/rampage/wads/rampagesuperpub-v3.pk3 +exec /var/www/rampage/configs/global/dmflags.cfg /var/www/rampage/configs/global/svar.cfg /var/www/rampage/configs/modes/ctf.cfg /var/www/rampage/configs/modes/pub.cfg /var/www/rampage/configs/superpub.cfg +compatflags 64 +sv_hostname ":: [NY] = [RAMPAGE] = [Public CTF] ::"^M
...
...
Starting Server duel | ID: 2 ...
Server String is ./zandronum-server -port 10668 -file /var/www/rampage/wads/duel40b.pk3 /var/www/rampage/wads/zandrospree2rc2.pk3 /var/www/rampage/wads/clearlights.wad +exec /var/www/rampage/configs/global/dmflags.cfg /var/www/rampage/configs/global/svar.cfg /var/www/rampage/configs/modes/duel.cfg /var/www/rampage/configs/duel40.cfg +map start +compatflags 536871714 +sv_hostname ":: [NY] = [RAMPAGE] =  [Duel40] ::"^M
...
...
Starting Server rduel | ID: 3 ...
Server String is ./zandronum-server -port 10669 -file /var/www/rampage/wads/rampageduel-v1a.wad /var/www/rampage/wads/zandrospree2rc2.pk3 /var/www/rampage/wads/clearlights.wad +exec /var/www/rampage/configs/global/dmflags.cfg /var/www/rampage/configs/global/svar.cfg /var/www/rampage/configs/modes/duel.cfg /var/www/rampage/configs/rduel.cfg +map map00 +compatflags 536871714  +sv_hostname ":: [NY] = [RAMPAGE] = [Rivals Duel] ::"^M
...
...
Starting Server hns | ID: 4 ...
Server String is ./zandronum-server -port 10670 -file /var/www/rampage/wads/skulltag_content-3.0-beta01.pk3 /var/www/rampage/wads/stlmshnsv4.wad /var/www/rampage/wads/hnsv1.0.2.pk3 +exec /var/www/rampage/configs/global/dmflags.cfg /var/www/rampage/configs/global/svar.cfg /var/www/rampage/configs/modes/hns.cfg /var/www/rampage/configs/extra/unblock.cfg /var/www/rampage/configs/extra/forcegl.cfg /var/www/rampage/configs/extra/stats.cfg +compatflags 64 +sv_hostname ":: [NY] = [RAMPAGE] = [Hide n Seek] ::"^M
...
...
/home/rampage/ServerManager/server-app.sh: line 63: =Out of Bounds: command not found
/home/rampage/ServerManager/server-app.sh: line 64: =Program_Start: command not found
/home/rampage/ServerManager/server-app.sh: line 65: =Reached Out of Bounds in ...: command not found
==================================
MENU_NAMES[,TITLE] Menu
==================================
From: 
Error Message: 
==================================
Exiting Program...
==================================
/home/rampage/ServerManager/utils/handlers/hourly-check.sh: line 10: syntax error near unexpected token `}'
/home/rampage/ServerManager/utils/handlers/hourly-check.sh: line 10: `}'
/home/rampage/ServerManager
/home/rampage/ServerManager/menus
/home/rampage/ServerManager/utils/definitions
/home/rampage/ServerManager/utils/functions
/home/rampage/ServerManager/utils/handlers
/home/rampage/ServerManager/logs
/home/rampage/ServerManager/temp
Starting rampage Screen Session...
==================================
MENU_NAMES[Server Start Initiated...,TITLE] Menu
==================================
Creating first window for priv in rampage...
Creating window for pub rampage...
Creating window for duel rampage...
Creating window for rduel rampage...
Creating window for hns rampage...
Starting Server priv | ID: 0 ...
Server String is ./zandronum-server -port 10666 -file /var/www/rampage/wads/rampagepriv-v5-1.pk3 /var/www/rampage/wads/ctfcap2d.pk3 /var/www/rampage/wads/hudtimer_v4fix.pk3 /var/www/rampage/wads/zandrospree2rc2.pk3 /var/www/rampage/wads/odaflagx.pk3 +exec /var/www/rampage/configs/global/dmflags.cfg /var/www/rampage/configs/global/svar.cfg /var/www/rampage/configs/modes/ctf.cfg /var/www/rampage/configs/priv.cfg +map map00 +compatflags 64 +sv_hostname ":: [NY] = [RAMPAGE] = [Priv CTF] ::"^M
...
...
Starting Server pub | ID: 1 ...
Server String is ./zandronum-server -port 10667 -file /var/www/rampage/wads/hudtimer_v4fix.pk3 /var/www/rampage/wads/odaflagx.pk3 /var/www/rampage/wads/zandrospree2rc2.pk3 /var/www/rampage/wads/rampagepriv-v5-1.pk3 /var/www/rampage/wads/rampagesuperpub-v3.pk3 +exec /var/www/rampage/configs/global/dmflags.cfg /var/www/rampage/configs/global/svar.cfg /var/www/rampage/configs/modes/ctf.cfg /var/www/rampage/configs/modes/pub.cfg /var/www/rampage/configs/superpub.cfg +compatflags 64 +sv_hostname ":: [NY] = [RAMPAGE] = [Public CTF] ::"^M
...
...
Starting Server duel | ID: 2 ...
Server String is ./zandronum-server -port 10668 -file /var/www/rampage/wads/duel40b.pk3 /var/www/rampage/wads/zandrospree2rc2.pk3 /var/www/rampage/wads/clearlights.wad +exec /var/www/rampage/configs/global/dmflags.cfg /var/www/rampage/configs/global/svar.cfg /var/www/rampage/configs/modes/duel.cfg /var/www/rampage/configs/duel40.cfg +map start +compatflags 536871714 +sv_hostname ":: [NY] = [RAMPAGE] =  [Duel40] ::"^M
...
...
Starting Server rduel | ID: 3 ...
Server String is ./zandronum-server -port 10669 -file /var/www/rampage/wads/rampageduel-v1a.wad /var/www/rampage/wads/zandrospree2rc2.pk3 /var/www/rampage/wads/clearlights.wad +exec /var/www/rampage/configs/global/dmflags.cfg /var/www/rampage/configs/global/svar.cfg /var/www/rampage/configs/modes/duel.cfg /var/www/rampage/configs/rduel.cfg +map map00 +compatflags 536871714  +sv_hostname ":: [NY] = [RAMPAGE] = [Rivals Duel] ::"^M
...
...
Starting Server hns | ID: 4 ...
Server String is ./zandronum-server -port 10670 -file /var/www/rampage/wads/skulltag_content-3.0-beta01.pk3 /var/www/rampage/wads/stlmshnsv4.wad /var/www/rampage/wads/hnsv1.0.2.pk3 +exec /var/www/rampage/configs/global/dmflags.cfg /var/www/rampage/configs/global/svar.cfg /var/www/rampage/configs/modes/hns.cfg /var/www/rampage/configs/extra/unblock.cfg /var/www/rampage/configs/extra/forcegl.cfg /var/www/rampage/configs/extra/stats.cfg +compatflags 64 +sv_hostname ":: [NY] = [RAMPAGE] = [Hide n Seek] ::"^M
...
...
/home/rampage/ServerManager/server-app.sh: line 63: =Out of Bounds: command not found
/home/rampage/ServerManager/server-app.sh: line 64: =Program_Start: command not found
/home/rampage/ServerManager/server-app.sh: line 65: =Reached Out of Bounds in ...: command not found
==================================
MENU_NAMES[,TITLE] Menu
==================================
From: 
Error Message: 
==================================
Exiting Program...
==================================
/home/rampage/ServerManager/utils/handlers/hourly-check.sh: line 10: syntax error near unexpected token `}'
/home/rampage/ServerManager/utils/handlers/hourly-check.sh: line 10: `}'
/home/rampage/ServerManager
/home/rampage/ServerManager/menus
/home/rampage/ServerManager/utils/definitions
/home/rampage/ServerManager/utils/functions
/home/rampage/ServerManager/utils/handlers
/home/rampage/ServerManager/logs
/home/rampage/ServerManager/temp
Starting rampage Screen Session...
==================================
MENU_NAMES[Server Start Initiated...,TITLE] Menu
==================================
Creating first window for priv in rampage...
Creating window for pub rampage...
Creating window for duel rampage...
Creating window for rduel rampage...
Creating window for hns rampage...
Starting Server priv | ID: 0 ...
Server String is ./zandronum-server -port 10666 -file /var/www/rampage/wads/rampagepriv-v5-1.pk3 /var/www/rampage/wads/ctfcap2d.pk3 /var/www/rampage/wads/hudtimer_v4fix.pk3 /var/www/rampage/wads/zandrospree2rc2.pk3 /var/www/rampage/wads/odaflagx.pk3 +exec /var/www/rampage/configs/global/dmflags.cfg /var/www/rampage/configs/global/svar.cfg /var/www/rampage/configs/modes/ctf.cfg /var/www/rampage/configs/priv.cfg +map map00 +compatflags 64 +sv_hostname ":: [NY] = [RAMPAGE] = [Priv CTF] ::"^M
...
...
Starting Server pub | ID: 1 ...
Server String is ./zandronum-server -port 10667 -file /var/www/rampage/wads/hudtimer_v4fix.pk3 /var/www/rampage/wads/odaflagx.pk3 /var/www/rampage/wads/zandrospree2rc2.pk3 /var/www/rampage/wads/rampagepriv-v5-1.pk3 /var/www/rampage/wads/rampagesuperpub-v3.pk3 +exec /var/www/rampage/configs/global/dmflags.cfg /var/www/rampage/configs/global/svar.cfg /var/www/rampage/configs/modes/ctf.cfg /var/www/rampage/configs/modes/pub.cfg /var/www/rampage/configs/superpub.cfg +compatflags 64 +sv_hostname ":: [NY] = [RAMPAGE] = [Public CTF] ::"^M
...
...
Starting Server duel | ID: 2 ...
Server String is ./zandronum-server -port 10668 -file /var/www/rampage/wads/duel40b.pk3 /var/www/rampage/wads/zandrospree2rc2.pk3 /var/www/rampage/wads/clearlights.wad +exec /var/www/rampage/configs/global/dmflags.cfg /var/www/rampage/configs/global/svar.cfg /var/www/rampage/configs/modes/duel.cfg /var/www/rampage/configs/duel40.cfg +map start +compatflags 536871714 +sv_hostname ":: [NY] = [RAMPAGE] =  [Duel40] ::"^M
...
...
Starting Server rduel | ID: 3 ...
Server String is ./zandronum-server -port 10669 -file /var/www/rampage/wads/rampageduel-v1a.wad /var/www/rampage/wads/zandrospree2rc2.pk3 /var/www/rampage/wads/clearlights.wad +exec /var/www/rampage/configs/global/dmflags.cfg /var/www/rampage/configs/global/svar.cfg /var/www/rampage/configs/modes/duel.cfg /var/www/rampage/configs/rduel.cfg +map map00 +compatflags 536871714  +sv_hostname ":: [NY] = [RAMPAGE] = [Rivals Duel] ::"^M
...
...
Starting Server hns | ID: 4 ...
Server String is ./zandronum-server -port 10670 -file /var/www/rampage/wads/skulltag_content-3.0-beta01.pk3 /var/www/rampage/wads/stlmshnsv4.wad /var/www/rampage/wads/hnsv1.0.2.pk3 +exec /var/www/rampage/configs/global/dmflags.cfg /var/www/rampage/configs/global/svar.cfg /var/www/rampage/configs/modes/hns.cfg /var/www/rampage/configs/extra/unblock.cfg /var/www/rampage/configs/extra/forcegl.cfg /var/www/rampage/configs/extra/stats.cfg +compatflags 64 +sv_hostname ":: [NY] = [RAMPAGE] = [Hide n Seek] ::"^M
...
...
/home/rampage/ServerManager/server-app.sh: line 63: =Out of Bounds: command not found
/home/rampage/ServerManager/server-app.sh: line 64: =Program_Start: command not found
/home/rampage/ServerManager/server-app.sh: line 65: =Reached Out of Bounds in ...: command not found
==================================
MENU_NAMES[,TITLE] Menu
==================================
From: 
Error Message: 
==================================
Exiting Program...
==================================
/home/rampage/ServerManager/utils/handlers/hourly-check.sh: line 10: syntax error near unexpected token `}'
/home/rampage/ServerManager/utils/handlers/hourly-check.sh: line 10: `}'
/home/rampage/ServerManager
/home/rampage/ServerManager/menus
/home/rampage/ServerManager/utils/definitions
/home/rampage/ServerManager/utils/functions
/home/rampage/ServerManager/utils/handlers
/home/rampage/ServerManager/logs
/home/rampage/ServerManager/temp
Starting rampage Screen Session...
==================================
MENU_NAMES[Server Start Initiated...,TITLE] Menu
==================================
Creating first window for priv in rampage...
Creating window for pub rampage...
Creating window for duel rampage...
Creating window for rduel rampage...
Creating window for hns rampage...
Starting Server priv | ID: 0 ...
Server String is ./zandronum-server -port 10666 -file /var/www/rampage/wads/rampagepriv-v5-1.pk3 /var/www/rampage/wads/ctfcap2d.pk3 /var/www/rampage/wads/hudtimer_v4fix.pk3 /var/www/rampage/wads/zandrospree2rc2.pk3 /var/www/rampage/wads/odaflagx.pk3 +exec /var/www/rampage/configs/global/dmflags.cfg /var/www/rampage/configs/global/svar.cfg /var/www/rampage/configs/modes/ctf.cfg /var/www/rampage/configs/priv.cfg +map map00 +compatflags 64 +sv_hostname ":: [NY] = [RAMPAGE] = [Priv CTF] ::"^M
...
...
Starting Server pub | ID: 1 ...
Server String is ./zandronum-server -port 10667 -file /var/www/rampage/wads/hudtimer_v4fix.pk3 /var/www/rampage/wads/odaflagx.pk3 /var/www/rampage/wads/zandrospree2rc2.pk3 /var/www/rampage/wads/rampagepriv-v5-1.pk3 /var/www/rampage/wads/rampagesuperpub-v3.pk3 +exec /var/www/rampage/configs/global/dmflags.cfg /var/www/rampage/configs/global/svar.cfg /var/www/rampage/configs/modes/ctf.cfg /var/www/rampage/configs/modes/pub.cfg /var/www/rampage/configs/superpub.cfg +compatflags 64 +sv_hostname ":: [NY] = [RAMPAGE] = [Public CTF] ::"^M
...
...
Starting Server duel | ID: 2 ...
Server String is ./zandronum-server -port 10668 -file /var/www/rampage/wads/duel40b.pk3 /var/www/rampage/wads/zandrospree2rc2.pk3 /var/www/rampage/wads/clearlights.wad +exec /var/www/rampage/configs/global/dmflags.cfg /var/www/rampage/configs/global/svar.cfg /var/www/rampage/configs/modes/duel.cfg /var/www/rampage/configs/duel40.cfg +map start +compatflags 536871714 +sv_hostname ":: [NY] = [RAMPAGE] =  [Duel40] ::"^M
...
...
Starting Server rduel | ID: 3 ...
Server String is ./zandronum-server -port 10669 -file /var/www/rampage/wads/rampageduel-v1a.wad /var/www/rampage/wads/zandrospree2rc2.pk3 /var/www/rampage/wads/clearlights.wad +exec /var/www/rampage/configs/global/dmflags.cfg /var/www/rampage/configs/global/svar.cfg /var/www/rampage/configs/modes/duel.cfg /var/www/rampage/configs/rduel.cfg +map map00 +compatflags 536871714  +sv_hostname ":: [NY] = [RAMPAGE] = [Rivals Duel] ::"^M
...
...
Starting Server hns | ID: 4 ...
Server String is ./zandronum-server -port 10670 -file /var/www/rampage/wads/skulltag_content-3.0-beta01.pk3 /var/www/rampage/wads/stlmshnsv4.wad /var/www/rampage/wads/hnsv1.0.2.pk3 +exec /var/www/rampage/configs/global/dmflags.cfg /var/www/rampage/configs/global/svar.cfg /var/www/rampage/configs/modes/hns.cfg /var/www/rampage/configs/extra/unblock.cfg /var/www/rampage/configs/extra/forcegl.cfg /var/www/rampage/configs/extra/stats.cfg +compatflags 64 +sv_hostname ":: [NY] = [RAMPAGE] = [Hide n Seek] ::"^M
...
...
/home/rampage/ServerManager/server-app.sh: line 63: =Out of Bounds: command not found
/home/rampage/ServerManager/server-app.sh: line 64: =Program_Start: command not found
/home/rampage/ServerManager/server-app.sh: line 65: =Reached Out of Bounds in ...: command not found
==================================
MENU_NAMES[,TITLE] Menu
==================================
From: 
Error Message: 
==================================
Exiting Program...
==================================
/home/rampage/ServerManager/utils/handlers/hourly-check.sh: line 10: syntax error near unexpected token `}'
/home/rampage/ServerManager/utils/handlers/hourly-check.sh: line 10: `}'
/home/rampage/ServerManager
/home/rampage/ServerManager/menus
/home/rampage/ServerManager/utils/definitions
/home/rampage/ServerManager/utils/functions
/home/rampage/ServerManager/utils/handlers
/home/rampage/ServerManager/logs
/home/rampage/ServerManager/temp
Starting rampage Screen Session...
==================================
MENU_NAMES[Server Start Initiated...,TITLE] Menu
==================================
Creating first window for priv in rampage...
Creating window for pub rampage...
Creating window for duel rampage...
Creating window for rduel rampage...
Creating window for hns rampage...
Starting Server priv | ID: 0 ...
Server String is ./zandronum-server -port 10666 -file /var/www/rampage/wads/rampagepriv-v5-1.pk3 /var/www/rampage/wads/ctfcap2d.pk3 /var/www/rampage/wads/hudtimer_v4fix.pk3 /var/www/rampage/wads/zandrospree2rc2.pk3 /var/www/rampage/wads/odaflagx.pk3 +exec /var/www/rampage/configs/global/dmflags.cfg /var/www/rampage/configs/global/svar.cfg /var/www/rampage/configs/modes/ctf.cfg /var/www/rampage/configs/priv.cfg +map map00 +compatflags 64 +sv_hostname ":: [NY] = [RAMPAGE] = [Priv CTF] ::"^M
...
...
Starting Server pub | ID: 1 ...
Server String is ./zandronum-server -port 10667 -file /var/www/rampage/wads/hudtimer_v4fix.pk3 /var/www/rampage/wads/odaflagx.pk3 /var/www/rampage/wads/zandrospree2rc2.pk3 /var/www/rampage/wads/rampagepriv-v5-1.pk3 /var/www/rampage/wads/rampagesuperpub-v3.pk3 +exec /var/www/rampage/configs/global/dmflags.cfg /var/www/rampage/configs/global/svar.cfg /var/www/rampage/configs/modes/ctf.cfg /var/www/rampage/configs/modes/pub.cfg /var/www/rampage/configs/superpub.cfg +compatflags 64 +sv_hostname ":: [NY] = [RAMPAGE] = [Public CTF] ::"^M
...
...
Starting Server duel | ID: 2 ...
Server String is ./zandronum-server -port 10668 -file /var/www/rampage/wads/duel40b.pk3 /var/www/rampage/wads/zandrospree2rc2.pk3 /var/www/rampage/wads/clearlights.wad +exec /var/www/rampage/configs/global/dmflags.cfg /var/www/rampage/configs/global/svar.cfg /var/www/rampage/configs/modes/duel.cfg /var/www/rampage/configs/duel40.cfg +map start +compatflags 536871714 +sv_hostname ":: [NY] = [RAMPAGE] =  [Duel40] ::"^M
...
...
Starting Server rduel | ID: 3 ...
Server String is ./zandronum-server -port 10669 -file /var/www/rampage/wads/rampageduel-v1a.wad /var/www/rampage/wads/zandrospree2rc2.pk3 /var/www/rampage/wads/clearlights.wad +exec /var/www/rampage/configs/global/dmflags.cfg /var/www/rampage/configs/global/svar.cfg /var/www/rampage/configs/modes/duel.cfg /var/www/rampage/configs/rduel.cfg +map map00 +compatflags 536871714  +sv_hostname ":: [NY] = [RAMPAGE] = [Rivals Duel] ::"^M
...
...
Starting Server hns | ID: 4 ...
Server String is ./zandronum-server -port 10670 -file /var/www/rampage/wads/skulltag_content-3.0-beta01.pk3 /var/www/rampage/wads/stlmshnsv4.wad /var/www/rampage/wads/hnsv1.0.2.pk3 +exec /var/www/rampage/configs/global/dmflags.cfg /var/www/rampage/configs/global/svar.cfg /var/www/rampage/configs/modes/hns.cfg /var/www/rampage/configs/extra/unblock.cfg /var/www/rampage/configs/extra/forcegl.cfg /var/www/rampage/configs/extra/stats.cfg +compatflags 64 +sv_hostname ":: [NY] = [RAMPAGE] = [Hide n Seek] ::"^M
...
...
/home/rampage/ServerManager/server-app.sh: line 63: =Out of Bounds: command not found
/home/rampage/ServerManager/server-app.sh: line 64: =Program_Start: command not found
/home/rampage/ServerManager/server-app.sh: line 65: =Reached Out of Bounds in ...: command not found
==================================
MENU_NAMES[,TITLE] Menu
==================================
From: 
Error Message: 
==================================
Exiting Program...
==================================
